<?xml version="1.0" encoding="UTF-8"?>
<!-- Generated by org.testng.reporters.JUnitReportReporter -->
<testsuite skipped="0" hostname="DESKTOP-1KFO58I" name="testcases.TC001" tests="1" failures="0" timestamp="25 Jan 2021 11:18:48 GMT" time="12.512" errors="0">
  <testcase name="testcase1" time="12.512" classname="testcases.TC001"/>
</testsuite> <!-- testcases.TC001 -->
